Unity Editor version:    2020.3.21f1 (a38c86f6690f)
Branch:                  2020.3/staging
Build type:              Release
Batch mode:              YES
macOS version:           Version 12.1 (Build 21C52)
Darwin version:          21.2.0
Architecture:            x86_64
Running under Rosetta:   NO
Available memory:        16384 MB
Using pre-set license
Pro License: NO

COMMAND LINE ARGUMENTS:
/Applications/Unity/Hub/Editor/2020.3.21f1/Unity.app/Contents/MacOS/Unity
-adb2
-batchMode
-noUpm
-name
AssetImportWorker0
-projectPath
/Users/sravankairamkonda/Downloads/Projects Github/IntroductionToProgrammingCW2
-logFile
Logs/AssetImportWorker0.log
-srvPort
50099
Successfully changed project path to: /Users/sravankairamkonda/Downloads/Projects Github/IntroductionToProgrammingCW2
/Users/sravankairamkonda/Downloads/Projects Github/IntroductionToProgrammingCW2
Using Asset Import Pipeline V2.
Refreshing native plugins compatible for Editor in 46.78 ms, found 2 plugins.
Preloading 0 native plugins for Editor in 0.00 ms.
Initialize engine version: 2020.3.21f1 (a38c86f6690f)
[Subsystems] Discovering subsystems at path /Applications/Unity/Hub/Editor/2020.3.21f1/Unity.app/Contents/Resources/UnitySubsystems
[Subsystems] Discovering subsystems at path /Users/sravankairamkonda/Downloads/Projects Github/IntroductionToProgrammingCW2/Assets
GfxDevice: creating device client; threaded=0
2022-01-20 09:30:59.784 Unity[2698:172496] Color LCD preferred device: Intel(R) UHD Graphics 630 (low power)
2022-01-20 09:30:59.784 Unity[2698:172496] Metal devices available: 2
2022-01-20 09:30:59.785 Unity[2698:172496] 0: AMD Radeon Pro 555X (high power)
2022-01-20 09:30:59.785 Unity[2698:172496] 1: Intel(R) UHD Graphics 630 (low power)
2022-01-20 09:30:59.785 Unity[2698:172496] Using device AMD Radeon Pro 555X (high power)
Initializing Metal device caps: AMD Radeon Pro 555X
Initialize mono
Mono path[0] = '/Applications/Unity/Hub/Editor/2020.3.21f1/Unity.app/Contents/Managed'
Mono path[1] = '/Applications/Unity/Hub/Editor/2020.3.21f1/Unity.app/Contents/MonoBleedingEdge/lib/mono/unityjit'
Mono config path = '/Applications/Unity/Hub/Editor/2020.3.21f1/Unity.app/Contents/MonoBleedingEdge/etc'
Using monoOptions --debugger-agent=transport=dt_socket,embedding=1,server=y,suspend=n,address=127.0.0.1:56698
Begin MonoManager ReloadAssembly
Registering precompiled unity dll's ...
Register platform support module: /Applications/Unity/Hub/Editor/2020.3.21f1/PlaybackEngines/WebGLSupport/UnityEditor.WebGL.Extensions.dll
Register platform support module: /Applications/Unity/Hub/Editor/2020.3.21f1/Unity.app/Contents/PlaybackEngines/MacStandaloneSupport/UnityEditor.OSXStandalone.Extensions.dll
Register platform support module: /Applications/Unity/Hub/Editor/2020.3.21f1/PlaybackEngines/WindowsStandaloneSupport/UnityEditor.WindowsStandalone.Extensions.dll
Registered in 0.005326 seconds.
Native extension for WindowsStandalone target not found
Native extension for OSXStandalone target not found
Native extension for WebGL target not found
Refreshing native plugins compatible for Editor in 38.04 ms, found 2 plugins.
Preloading 0 native plugins for Editor in 0.00 ms.
Mono: successfully reloaded assembly
- Completed reload, in  1.977 seconds
Domain Reload Profiling:
	ReloadAssembly (1977ms)
		BeginReloadAssembly (40ms)
			ExecutionOrderSort (0ms)
			DisableScriptedObjects (0ms)
			BackupInstance (0ms)
			ReleaseScriptingObjects (0ms)
			CreateAndSetChildDomain (1ms)
		EndReloadAssembly (532ms)
			LoadAssemblies (43ms)
			RebuildTransferFunctionScriptingTraits (0ms)
			SetupTypeCache (179ms)
			ReleaseScriptCaches (0ms)
			RebuildScriptCaches (43ms)
			SetupLoadedEditorAssemblies (220ms)
				LogAssemblyErrors (0ms)
				InitializePlatformSupportModulesInManaged (6ms)
				SetLoadedEditorAssemblies (0ms)
				RefreshPlugins (38ms)
				BeforeProcessingInitializeOnLoad (31ms)
				ProcessInitializeOnLoadAttributes (113ms)
				ProcessInitializeOnLoadMethodAttributes (32ms)
				AfterProcessingInitializeOnLoad (0ms)
				EditorAssembliesLoaded (0ms)
			ExecutionOrderSort2 (0ms)
			AwakeInstancesAfterBackupRestoration (0ms)
Platform modules already initialized, skipping
Registering precompiled user dll's ...
Registered in 0.006743 seconds.
Begin MonoManager ReloadAssembly
Native extension for WindowsStandalone target not found
Native extension for OSXStandalone target not found
Native extension for WebGL target not found
Refreshing native plugins compatible for Editor in 37.90 ms, found 2 plugins.
Preloading 0 native plugins for Editor in 0.00 ms.
Mono: successfully reloaded assembly
- Completed reload, in  1.287 seconds
Domain Reload Profiling:
	ReloadAssembly (1287ms)
		BeginReloadAssembly (147ms)
			ExecutionOrderSort (0ms)
			DisableScriptedObjects (5ms)
			BackupInstance (0ms)
			ReleaseScriptingObjects (0ms)
			CreateAndSetChildDomain (23ms)
		EndReloadAssembly (1076ms)
			LoadAssemblies (88ms)
			RebuildTransferFunctionScriptingTraits (0ms)
			SetupTypeCache (346ms)
			ReleaseScriptCaches (0ms)
			RebuildScriptCaches (72ms)
			SetupLoadedEditorAssemblies (435ms)
				LogAssemblyErrors (0ms)
				InitializePlatformSupportModulesInManaged (6ms)
				SetLoadedEditorAssemblies (0ms)
				RefreshPlugins (38ms)
				BeforeProcessingInitializeOnLoad (77ms)
				ProcessInitializeOnLoadAttributes (300ms)
				ProcessInitializeOnLoadMethodAttributes (12ms)
				AfterProcessingInitializeOnLoad (1ms)
				EditorAssembliesLoaded (0ms)
			ExecutionOrderSort2 (0ms)
			AwakeInstancesAfterBackupRestoration (7ms)
Platform modules already initialized, skipping
Validating Project structure ... 0.002805 seconds.
Shader import version has changed; will reimport all shaders...
Upgrading shader files ...0.003586 seconds.
Application.AssetDatabase Initial Script Refresh Start
RefreshInfo: InitialScriptRefreshV2(NoUpdateAssetOptions) scanfilter:  ... 1 filters
RefreshProfiler: Total: 0.000ms
Application.AssetDatabase Initial Script Refresh End
Application.AssetDatabase.Refresh Start
Application.AssetDatabase.Refresh End
RefreshInfo: StopAssetImportingV2(ForceSynchronousImport) scanfilter: 
RefreshProfiler: Total: 0.000ms
Launching external process: /Applications/Unity/Hub/Editor/2020.3.21f1/Unity.app/Contents/Tools/UnityShaderCompiler
Launched and connected shader compiler UnityShaderCompiler after 0.02 seconds
Initializing Unity extensions:
2022-01-20 09:31:04.541 Unity[2698:172496] NSEventModifierFlagFunction specified to -setKeyEquivalentModifierMask: for item <NSMenuItem: 0x6000009113b0 Font Asset, ke='Command-F12'>, but is only supported for system-provided menu items; will not be used
2022-01-20 09:31:04.544 Unity[2698:172496] NSEventModifierFlagFunction specified to -setKeyEquivalentModifierMask: for item <NSMenuItem: 0x600000961650 Font Asset, ke='Command-F12'>, but is only supported for system-provided menu items; will not be used
========================================================================
Worker process is ready to serve import requests
Refreshing native plugins compatible for Editor in 0.41 ms, found 2 plugins.
Preloading 0 native plugins for Editor in 0.00 ms.
Unloading 1969 Unused Serialized files (Serialized files now loaded: 0)
System memory in use before: 190.3 MB.
System memory in use after: 189.4 MB.

Unloading 156 unused Assets to reduce memory usage. Loaded Objects now: 2429.
Total: 3.803568 ms (FindLiveObjects: 0.234577 ms CreateObjectMapping: 0.076292 ms MarkObjects: 2.925984 ms  DeleteObjects: 0.565761 ms)

AssetImportParameters requested are different than current active one (requested -> active):
  custom:video-decoder-ogg-theora: a1e56fd34408186e4bbccfd4996cb3dc -> 
  custom:container-muxer-webm: aa71ff27fc2769a1b78a27578f13a17b -> 
  custom:container-demuxer-webm: 4f35f7cbe854078d1ac9338744f61a02 -> 
  custom:container-demuxer-ogg: 62fdf1f143b41e24485cea50d1cbac27 -> 
  custom:video-encoder-webm-vp8: eb34c28f22e8b96e1ab97ce403110664 -> 
  custom:framework-osx-AVFoundation: e770b220cccbd017edd2c1fefb359320 -> 
  custom:video-decoder-webm-vp8: 9c59270c3fd7afecdb556c50c9e8de78 -> 
  custom:audio-decoder-ogg-vorbis: bf7c407c2cedff20999df2af8eb42d56 -> 
  custom:audio-encoder-webm-vorbis: bf7c407c2cedff20999df2af8eb42d56 -> 
========================================================================
Received Prepare
Registering precompiled user dll's ...
Registered in 0.002476 seconds.
Begin MonoManager ReloadAssembly
Native extension for WindowsStandalone target not found
Native extension for OSXStandalone target not found
Native extension for WebGL target not found
Refreshing native plugins compatible for Editor in 0.51 ms, found 2 plugins.
Preloading 0 native plugins for Editor in 0.00 ms.
2022-01-20 09:31:08.002 Unity[2698:172496] NSEventModifierFlagFunction specified to -setKeyEquivalentModifierMask: for item <NSMenuItem: 0x60000093c770 Font Asset, ke='Command-F12'>, but is only supported for system-provided menu items; will not be used
Mono: successfully reloaded assembly
- Completed reload, in  1.187 seconds
Domain Reload Profiling:
	ReloadAssembly (1188ms)
		BeginReloadAssembly (109ms)
			ExecutionOrderSort (0ms)
			DisableScriptedObjects (5ms)
			BackupInstance (0ms)
			ReleaseScriptingObjects (0ms)
			CreateAndSetChildDomain (43ms)
		EndReloadAssembly (1017ms)
			LoadAssemblies (71ms)
			RebuildTransferFunctionScriptingTraits (0ms)
			SetupTypeCache (344ms)
			ReleaseScriptCaches (1ms)
			RebuildScriptCaches (63ms)
			SetupLoadedEditorAssemblies (399ms)
				LogAssemblyErrors (0ms)
				InitializePlatformSupportModulesInManaged (6ms)
				SetLoadedEditorAssemblies (0ms)
				RefreshPlugins (1ms)
				BeforeProcessingInitializeOnLoad (117ms)
				ProcessInitializeOnLoadAttributes (265ms)
				ProcessInitializeOnLoadMethodAttributes (9ms)
				AfterProcessingInitializeOnLoad (1ms)
				EditorAssembliesLoaded (0ms)
			ExecutionOrderSort2 (0ms)
			AwakeInstancesAfterBackupRestoration (7ms)
Platform modules already initialized, skipping
Refreshing native plugins compatible for Editor in 0.39 ms, found 2 plugins.
Preloading 0 native plugins for Editor in 0.00 ms.
Unloading 1944 Unused Serialized files (Serialized files now loaded: 0)
System memory in use before: 187.7 MB.
System memory in use after: 187.8 MB.

Unloading 16 unused Assets to reduce memory usage. Loaded Objects now: 2432.
Total: 2.849636 ms (FindLiveObjects: 0.183484 ms CreateObjectMapping: 0.059907 ms MarkObjects: 2.591053 ms  DeleteObjects: 0.014123 ms)

AssetImportParameters requested are different than current active one (requested -> active):
  custom:video-decoder-ogg-theora: a1e56fd34408186e4bbccfd4996cb3dc -> 
  custom:container-muxer-webm: aa71ff27fc2769a1b78a27578f13a17b -> 
  custom:container-demuxer-webm: 4f35f7cbe854078d1ac9338744f61a02 -> 
  custom:container-demuxer-ogg: 62fdf1f143b41e24485cea50d1cbac27 -> 
  custom:video-encoder-webm-vp8: eb34c28f22e8b96e1ab97ce403110664 -> 
  custom:framework-osx-AVFoundation: e770b220cccbd017edd2c1fefb359320 -> 
  custom:video-decoder-webm-vp8: 9c59270c3fd7afecdb556c50c9e8de78 -> 
  custom:audio-decoder-ogg-vorbis: bf7c407c2cedff20999df2af8eb42d56 -> 
  custom:audio-encoder-webm-vorbis: bf7c407c2cedff20999df2af8eb42d56 -> 
========================================================================
Received Import Request.
  path: Assets/Sravan Kairamkonda/Scenes/Menu.unity
  artifactKey: Guid(b4cd92e6059fe4d768e5931b41bce946) Importer(815301076,1909f56bfc062723c751e8b465ee728b)
Start importing Assets/Sravan Kairamkonda/Scenes/Menu.unity using Guid(b4cd92e6059fe4d768e5931b41bce946) Importer(815301076,1909f56bfc062723c751e8b465ee728b)  -> (artifact id: '13a4817b7f1524e6e3e7b6a137aade65') in 0.016950 seconds 
  Import took 0.021488 seconds .

========================================================================
Received Import Request.
  Time since last request: 7.801974 seconds.
  path: Assets/Anchal Malhotra/Packages/_Barking_Dog
  artifactKey: Guid(51bc5533468414794bde27b3a0061469) Importer(815301076,1909f56bfc062723c751e8b465ee728b)
Start importing Assets/Anchal Malhotra/Packages/_Barking_Dog using Guid(51bc5533468414794bde27b3a0061469) Importer(815301076,1909f56bfc062723c751e8b465ee728b)  -> (artifact id: '5ec3d6ee4d4aa6c072e5d80d347cee6a') in 0.001391 seconds 
  Import took 0.005557 seconds .

========================================================================
Received Import Request.
  Time since last request: 1.781974 seconds.
  path: Assets/Anchal Malhotra/Packages
  artifactKey: Guid(3f4f1ab78bbac4be188aa1228aa93f8c) Importer(815301076,1909f56bfc062723c751e8b465ee728b)
Start importing Assets/Anchal Malhotra/Packages using Guid(3f4f1ab78bbac4be188aa1228aa93f8c) Importer(815301076,1909f56bfc062723c751e8b465ee728b)  -> (artifact id: 'a23d325b117e75dfc1faf0e41f2c1609') in 0.001164 seconds 
  Import took 0.005174 seconds .

========================================================================
Received Import Request.
  Time since last request: 5.311141 seconds.
  path: Assets/Anchal Malhotra/Packages/_Barking_Dog/3D Free Modular Kit
  artifactKey: Guid(993c1992e51804d43aada52f1ac82a20) Importer(815301076,1909f56bfc062723c751e8b465ee728b)
Start importing Assets/Anchal Malhotra/Packages/_Barking_Dog/3D Free Modular Kit using Guid(993c1992e51804d43aada52f1ac82a20) Importer(815301076,1909f56bfc062723c751e8b465ee728b)  -> (artifact id: 'ce437dc5d3f477f7ac3f90593eef70ec') in 0.001197 seconds 
  Import took 0.005218 seconds .

========================================================================
Received Import Request.
  Time since last request: 4.613131 seconds.
  path: Assets/Anchal Malhotra/Packages/_Barking_Dog/3D Free Modular Kit/Test_Map.unity
  artifactKey: Guid(7b533dfe561bc47c8975c955fe4ef3d3) Importer(815301076,1909f56bfc062723c751e8b465ee728b)
Start importing Assets/Anchal Malhotra/Packages/_Barking_Dog/3D Free Modular Kit/Test_Map.unity using Guid(7b533dfe561bc47c8975c955fe4ef3d3) Importer(815301076,1909f56bfc062723c751e8b465ee728b)  -> (artifact id: '6f0a8eff3956a54e4a62ef06403dfa79') in 0.001419 seconds 
  Import took 0.005363 seconds .

========================================================================
Received Prepare
Registering precompiled user dll's ...
Registered in 0.002637 seconds.
Begin MonoManager ReloadAssembly
Native extension for WindowsStandalone target not found
Native extension for OSXStandalone target not found
Native extension for WebGL target not found
Refreshing native plugins compatible for Editor in 0.43 ms, found 2 plugins.
Preloading 0 native plugins for Editor in 0.00 ms.
2022-01-20 09:32:04.441 Unity[2698:172496] NSEventModifierFlagFunction specified to -setKeyEquivalentModifierMask: for item <NSMenuItem: 0x600000903b80 Font Asset, ke='Command-F12'>, but is only supported for system-provided menu items; will not be used
Mono: successfully reloaded assembly
- Completed reload, in  1.205 seconds
Domain Reload Profiling:
	ReloadAssembly (1205ms)
		BeginReloadAssembly (106ms)
			ExecutionOrderSort (0ms)
			DisableScriptedObjects (5ms)
			BackupInstance (0ms)
			ReleaseScriptingObjects (0ms)
			CreateAndSetChildDomain (46ms)
		EndReloadAssembly (1034ms)
			LoadAssemblies (77ms)
			RebuildTransferFunctionScriptingTraits (0ms)
			SetupTypeCache (348ms)
			ReleaseScriptCaches (1ms)
			RebuildScriptCaches (63ms)
			SetupLoadedEditorAssemblies (405ms)
				LogAssemblyErrors (0ms)
				InitializePlatformSupportModulesInManaged (6ms)
				SetLoadedEditorAssemblies (1ms)
				RefreshPlugins (0ms)
				BeforeProcessingInitializeOnLoad (118ms)
				ProcessInitializeOnLoadAttributes (270ms)
				ProcessInitializeOnLoadMethodAttributes (9ms)
				AfterProcessingInitializeOnLoad (1ms)
				EditorAssembliesLoaded (0ms)
			ExecutionOrderSort2 (0ms)
			AwakeInstancesAfterBackupRestoration (8ms)
Platform modules already initialized, skipping
Refreshing native plugins compatible for Editor in 0.41 ms, found 2 plugins.
Preloading 0 native plugins for Editor in 0.00 ms.
Unloading 1942 Unused Serialized files (Serialized files now loaded: 0)
System memory in use before: 187.7 MB.
System memory in use after: 187.8 MB.

Unloading 17 unused Assets to reduce memory usage. Loaded Objects now: 2432.
Total: 2.862391 ms (FindLiveObjects: 0.188904 ms CreateObjectMapping: 0.055239 ms MarkObjects: 2.601512 ms  DeleteObjects: 0.015959 ms)

AssetImportParameters requested are different than current active one (requested -> active):
  custom:video-decoder-ogg-theora: a1e56fd34408186e4bbccfd4996cb3dc -> 
  custom:container-muxer-webm: aa71ff27fc2769a1b78a27578f13a17b -> 
  custom:container-demuxer-webm: 4f35f7cbe854078d1ac9338744f61a02 -> 
  custom:container-demuxer-ogg: 62fdf1f143b41e24485cea50d1cbac27 -> 
  custom:video-encoder-webm-vp8: eb34c28f22e8b96e1ab97ce403110664 -> 
  custom:framework-osx-AVFoundation: e770b220cccbd017edd2c1fefb359320 -> 
  custom:video-decoder-webm-vp8: 9c59270c3fd7afecdb556c50c9e8de78 -> 
  custom:audio-decoder-ogg-vorbis: bf7c407c2cedff20999df2af8eb42d56 -> 
  custom:audio-encoder-webm-vorbis: bf7c407c2cedff20999df2af8eb42d56 -> 
========================================================================
Received Import Request.
  Time since last request: 31.807426 seconds.
  path: Assets/Anchal Malhotra/Scenes
  artifactKey: Guid(c826e6f487bbb4532a00bad5869152bc) Importer(815301076,1909f56bfc062723c751e8b465ee728b)
Start importing Assets/Anchal Malhotra/Scenes using Guid(c826e6f487bbb4532a00bad5869152bc) Importer(815301076,1909f56bfc062723c751e8b465ee728b)  -> (artifact id: '627960a887a69a2ae853951c6bec7164') in 0.006529 seconds 
  Import took 0.010344 seconds .

========================================================================
Received Import Request.
  Time since last request: 27.719112 seconds.
  path: Assets/Sravan Kairamkonda/Scenes/Main Menu.unity
  artifactKey: Guid(25b1e482e209f41d8810d2a8093f73ef) Importer(815301076,1909f56bfc062723c751e8b465ee728b)
Start importing Assets/Sravan Kairamkonda/Scenes/Main Menu.unity using Guid(25b1e482e209f41d8810d2a8093f73ef) Importer(815301076,1909f56bfc062723c751e8b465ee728b)  -> (artifact id: '4bd3c12f8714e3712285e9a2026122be') in 0.013369 seconds 
  Import took 0.017336 seconds .

========================================================================
Received Import Request.
  Time since last request: 42.732965 seconds.
  path: Assets/Anchal Malhotra/Scenes/Main Menu.unity
  artifactKey: Guid(b4cd92e6059fe4d768e5931b41bce946) Importer(815301076,1909f56bfc062723c751e8b465ee728b)
Start importing Assets/Anchal Malhotra/Scenes/Main Menu.unity using Guid(b4cd92e6059fe4d768e5931b41bce946) Importer(815301076,1909f56bfc062723c751e8b465ee728b)  -> (artifact id: 'c16e66804cb9c1186abc4b6369b9aec4') in 0.001078 seconds 
  Import took 0.005655 seconds .

========================================================================
Received Import Request.
  Time since last request: 17.099770 seconds.
  path: Assets/Sravan Kairamkonda/Material
  artifactKey: Guid(62e82390716ea4befbd1eeb7d961a233) Importer(815301076,1909f56bfc062723c751e8b465ee728b)
Start importing Assets/Sravan Kairamkonda/Material using Guid(62e82390716ea4befbd1eeb7d961a233) Importer(815301076,1909f56bfc062723c751e8b465ee728b)  -> (artifact id: 'ff16818bab86e280388cf9c21227d0f6') in 0.001854 seconds 
  Import took 0.005852 seconds .

========================================================================
Received Import Request.
  Time since last request: 2.678368 seconds.
  path: Assets/Sravan Kairamkonda/Packages
  artifactKey: Guid(55c9ec4248b9e477eafe62f51bb41774) Importer(815301076,1909f56bfc062723c751e8b465ee728b)
Start importing Assets/Sravan Kairamkonda/Packages using Guid(55c9ec4248b9e477eafe62f51bb41774) Importer(815301076,1909f56bfc062723c751e8b465ee728b)  -> (artifact id: '4cbbfd58e4e311facd02af43cbd42bed') in 0.001216 seconds 
  Import took 0.006300 seconds .

========================================================================
Received Import Request.
  Time since last request: 31.648690 seconds.
  path: Assets/Anchal Malhotra/Scripts
  artifactKey: Guid(97598133622014795b5aa5b1373e2817) Importer(815301076,1909f56bfc062723c751e8b465ee728b)
Start importing Assets/Anchal Malhotra/Scripts using Guid(97598133622014795b5aa5b1373e2817) Importer(815301076,1909f56bfc062723c751e8b465ee728b)  -> (artifact id: '2fff055db333e7b33543ec8542d99f08') in 0.001329 seconds 
  Import took 0.004594 seconds .

========================================================================
Received Import Request.
  Time since last request: 7.780758 seconds.
  path: Assets/Anchal Malhotra/Art
  artifactKey: Guid(a68f3da13950341bc88590dfb6c612de) Importer(815301076,1909f56bfc062723c751e8b465ee728b)
Start importing Assets/Anchal Malhotra/Art using Guid(a68f3da13950341bc88590dfb6c612de) Importer(815301076,1909f56bfc062723c751e8b465ee728b)  -> (artifact id: 'edad0ba79c4b29b7c8eee466b0da381e') in 0.002729 seconds 
  Import took 0.005998 seconds .

