Unity Editor version:    2020.3.21f1 (a38c86f6690f)
Branch:                  2020.3/staging
Build type:              Release
Batch mode:              YES
macOS version:           Version 12.1 (Build 21C52)
Darwin version:          21.2.0
Architecture:            x86_64
Running under Rosetta:   NO
Available memory:        16384 MB
Using pre-set license
Pro License: NO

COMMAND LINE ARGUMENTS:
/Applications/Unity/Hub/Editor/2020.3.21f1/Unity.app/Contents/MacOS/Unity
-adb2
-batchMode
-noUpm
-name
AssetImportWorker0
-projectPath
/Users/sravankairamkonda/Downloads/Projects Github/IntroductionToProgrammingCW2
-logFile
Logs/AssetImportWorker0.log
-srvPort
52301
Successfully changed project path to: /Users/sravankairamkonda/Downloads/Projects Github/IntroductionToProgrammingCW2
/Users/sravankairamkonda/Downloads/Projects Github/IntroductionToProgrammingCW2
Using Asset Import Pipeline V2.
Refreshing native plugins compatible for Editor in 46.31 ms, found 2 plugins.
Preloading 0 native plugins for Editor in 0.00 ms.
Initialize engine version: 2020.3.21f1 (a38c86f6690f)
[Subsystems] Discovering subsystems at path /Applications/Unity/Hub/Editor/2020.3.21f1/Unity.app/Contents/Resources/UnitySubsystems
[Subsystems] Discovering subsystems at path /Users/sravankairamkonda/Downloads/Projects Github/IntroductionToProgrammingCW2/Assets
GfxDevice: creating device client; threaded=0
2022-01-18 21:20:53.397 Unity[9062:159355] Color LCD preferred device: AMD Radeon Pro 555X (high power)
2022-01-18 21:20:53.397 Unity[9062:159355] Metal devices available: 2
2022-01-18 21:20:53.398 Unity[9062:159355] 0: AMD Radeon Pro 555X (high power)
2022-01-18 21:20:53.398 Unity[9062:159355] 1: Intel(R) UHD Graphics 630 (low power)
2022-01-18 21:20:53.398 Unity[9062:159355] Using device AMD Radeon Pro 555X (high power)
Initializing Metal device caps: AMD Radeon Pro 555X
Initialize mono
Mono path[0] = '/Applications/Unity/Hub/Editor/2020.3.21f1/Unity.app/Contents/Managed'
Mono path[1] = '/Applications/Unity/Hub/Editor/2020.3.21f1/Unity.app/Contents/MonoBleedingEdge/lib/mono/unityjit'
Mono config path = '/Applications/Unity/Hub/Editor/2020.3.21f1/Unity.app/Contents/MonoBleedingEdge/etc'
Using monoOptions --debugger-agent=transport=dt_socket,embedding=1,server=y,suspend=n,address=127.0.0.1:56062
Begin MonoManager ReloadAssembly
Registering precompiled unity dll's ...
Register platform support module: /Applications/Unity/Hub/Editor/2020.3.21f1/PlaybackEngines/WebGLSupport/UnityEditor.WebGL.Extensions.dll
Register platform support module: /Applications/Unity/Hub/Editor/2020.3.21f1/Unity.app/Contents/PlaybackEngines/MacStandaloneSupport/UnityEditor.OSXStandalone.Extensions.dll
Register platform support module: /Applications/Unity/Hub/Editor/2020.3.21f1/PlaybackEngines/WindowsStandaloneSupport/UnityEditor.WindowsStandalone.Extensions.dll
Registered in 0.005390 seconds.
Native extension for WindowsStandalone target not found
Native extension for OSXStandalone target not found
Native extension for WebGL target not found
Refreshing native plugins compatible for Editor in 38.53 ms, found 2 plugins.
Preloading 0 native plugins for Editor in 0.00 ms.
Mono: successfully reloaded assembly
- Completed reload, in  2.118 seconds
Domain Reload Profiling:
	ReloadAssembly (2119ms)
		BeginReloadAssembly (45ms)
			ExecutionOrderSort (0ms)
			DisableScriptedObjects (0ms)
			BackupInstance (0ms)
			ReleaseScriptingObjects (0ms)
			CreateAndSetChildDomain (1ms)
		EndReloadAssembly (529ms)
			LoadAssemblies (47ms)
			RebuildTransferFunctionScriptingTraits (0ms)
			SetupTypeCache (181ms)
			ReleaseScriptCaches (0ms)
			RebuildScriptCaches (44ms)
			SetupLoadedEditorAssemblies (213ms)
				LogAssemblyErrors (0ms)
				InitializePlatformSupportModulesInManaged (6ms)
				SetLoadedEditorAssemblies (0ms)
				RefreshPlugins (39ms)
				BeforeProcessingInitializeOnLoad (32ms)
				ProcessInitializeOnLoadAttributes (106ms)
				ProcessInitializeOnLoadMethodAttributes (30ms)
				AfterProcessingInitializeOnLoad (0ms)
				EditorAssembliesLoaded (0ms)
			ExecutionOrderSort2 (0ms)
			AwakeInstancesAfterBackupRestoration (0ms)
Platform modules already initialized, skipping
Registering precompiled user dll's ...
Registered in 0.006229 seconds.
Begin MonoManager ReloadAssembly
Native extension for WindowsStandalone target not found
Native extension for OSXStandalone target not found
Native extension for WebGL target not found
Refreshing native plugins compatible for Editor in 36.67 ms, found 2 plugins.
Preloading 0 native plugins for Editor in 0.00 ms.
Mono: successfully reloaded assembly
- Completed reload, in  1.233 seconds
Domain Reload Profiling:
	ReloadAssembly (1233ms)
		BeginReloadAssembly (144ms)
			ExecutionOrderSort (0ms)
			DisableScriptedObjects (5ms)
			BackupInstance (0ms)
			ReleaseScriptingObjects (0ms)
			CreateAndSetChildDomain (23ms)
		EndReloadAssembly (1029ms)
			LoadAssemblies (78ms)
			RebuildTransferFunctionScriptingTraits (0ms)
			SetupTypeCache (330ms)
			ReleaseScriptCaches (0ms)
			RebuildScriptCaches (69ms)
			SetupLoadedEditorAssemblies (422ms)
				LogAssemblyErrors (0ms)
				InitializePlatformSupportModulesInManaged (6ms)
				SetLoadedEditorAssemblies (0ms)
				RefreshPlugins (37ms)
				BeforeProcessingInitializeOnLoad (73ms)
				ProcessInitializeOnLoadAttributes (292ms)
				ProcessInitializeOnLoadMethodAttributes (13ms)
				AfterProcessingInitializeOnLoad (1ms)
				EditorAssembliesLoaded (0ms)
			ExecutionOrderSort2 (0ms)
			AwakeInstancesAfterBackupRestoration (7ms)
Platform modules already initialized, skipping
Validating Project structure ... 0.002904 seconds.
Shader import version has changed; will reimport all shaders...
Upgrading shader files ...0.003891 seconds.
Application.AssetDatabase Initial Script Refresh Start
RefreshInfo: InitialScriptRefreshV2(NoUpdateAssetOptions) scanfilter:  ... 1 filters
RefreshProfiler: Total: 0.000ms
Application.AssetDatabase Initial Script Refresh End
Application.AssetDatabase.Refresh Start
Application.AssetDatabase.Refresh End
RefreshInfo: StopAssetImportingV2(ForceSynchronousImport) scanfilter: 
RefreshProfiler: Total: 0.000ms
Launching external process: /Applications/Unity/Hub/Editor/2020.3.21f1/Unity.app/Contents/Tools/UnityShaderCompiler
Launched and connected shader compiler UnityShaderCompiler after 0.01 seconds
Initializing Unity extensions:
2022-01-18 21:20:57.486 Unity[9062:159355] NSEventModifierFlagFunction specified to -setKeyEquivalentModifierMask: for item <NSMenuItem: 0x600001705030 Font Asset, ke='Command-F12'>, but is only supported for system-provided menu items; will not be used
2022-01-18 21:20:57.489 Unity[9062:159355] NSEventModifierFlagFunction specified to -setKeyEquivalentModifierMask: for item <NSMenuItem: 0x600001716df0 Font Asset, ke='Command-F12'>, but is only supported for system-provided menu items; will not be used
========================================================================
Worker process is ready to serve import requests
Refreshing native plugins compatible for Editor in 0.40 ms, found 2 plugins.
Preloading 0 native plugins for Editor in 0.00 ms.
Unloading 1969 Unused Serialized files (Serialized files now loaded: 0)
System memory in use before: 190.3 MB.
System memory in use after: 189.4 MB.

Unloading 159 unused Assets to reduce memory usage. Loaded Objects now: 2433.
Total: 4.012204 ms (FindLiveObjects: 0.188621 ms CreateObjectMapping: 0.066230 ms MarkObjects: 3.248239 ms  DeleteObjects: 0.508307 ms)

AssetImportParameters requested are different than current active one (requested -> active):
  custom:video-decoder-ogg-theora: a1e56fd34408186e4bbccfd4996cb3dc -> 
  custom:container-muxer-webm: aa71ff27fc2769a1b78a27578f13a17b -> 
  custom:container-demuxer-webm: 4f35f7cbe854078d1ac9338744f61a02 -> 
  custom:container-demuxer-ogg: 62fdf1f143b41e24485cea50d1cbac27 -> 
  custom:video-encoder-webm-vp8: eb34c28f22e8b96e1ab97ce403110664 -> 
  custom:framework-osx-AVFoundation: e770b220cccbd017edd2c1fefb359320 -> 
  custom:video-decoder-webm-vp8: 9c59270c3fd7afecdb556c50c9e8de78 -> 
  custom:audio-decoder-ogg-vorbis: bf7c407c2cedff20999df2af8eb42d56 -> 
  custom:audio-encoder-webm-vorbis: bf7c407c2cedff20999df2af8eb42d56 -> 
========================================================================
Received Prepare
Registering precompiled user dll's ...
Registered in 0.001766 seconds.
Begin MonoManager ReloadAssembly
Native extension for WindowsStandalone target not found
Native extension for OSXStandalone target not found
Native extension for WebGL target not found
Refreshing native plugins compatible for Editor in 0.39 ms, found 2 plugins.
Preloading 0 native plugins for Editor in 0.00 ms.
2022-01-18 21:21:00.727 Unity[9062:159355] NSEventModifierFlagFunction specified to -setKeyEquivalentModifierMask: for item <NSMenuItem: 0x60000176eca0 Font Asset, ke='Command-F12'>, but is only supported for system-provided menu items; will not be used
Mono: successfully reloaded assembly
- Completed reload, in  1.216 seconds
Domain Reload Profiling:
	ReloadAssembly (1216ms)
		BeginReloadAssembly (108ms)
			ExecutionOrderSort (0ms)
			DisableScriptedObjects (5ms)
			BackupInstance (0ms)
			ReleaseScriptingObjects (0ms)
			CreateAndSetChildDomain (42ms)
		EndReloadAssembly (1046ms)
			LoadAssemblies (72ms)
			RebuildTransferFunctionScriptingTraits (0ms)
			SetupTypeCache (331ms)
			ReleaseScriptCaches (1ms)
			RebuildScriptCaches (62ms)
			SetupLoadedEditorAssemblies (436ms)
				LogAssemblyErrors (0ms)
				InitializePlatformSupportModulesInManaged (7ms)
				SetLoadedEditorAssemblies (1ms)
				RefreshPlugins (0ms)
				BeforeProcessingInitializeOnLoad (125ms)
				ProcessInitializeOnLoadAttributes (292ms)
				ProcessInitializeOnLoadMethodAttributes (10ms)
				AfterProcessingInitializeOnLoad (1ms)
				EditorAssembliesLoaded (0ms)
			ExecutionOrderSort2 (0ms)
			AwakeInstancesAfterBackupRestoration (8ms)
Platform modules already initialized, skipping
Refreshing native plugins compatible for Editor in 0.39 ms, found 2 plugins.
Preloading 0 native plugins for Editor in 0.00 ms.
Unloading 1944 Unused Serialized files (Serialized files now loaded: 0)
System memory in use before: 187.7 MB.
System memory in use after: 187.8 MB.

Unloading 16 unused Assets to reduce memory usage. Loaded Objects now: 2436.
Total: 2.821250 ms (FindLiveObjects: 0.166389 ms CreateObjectMapping: 0.056067 ms MarkObjects: 2.582173 ms  DeleteObjects: 0.015750 ms)

AssetImportParameters requested are different than current active one (requested -> active):
  custom:video-decoder-ogg-theora: a1e56fd34408186e4bbccfd4996cb3dc -> 
  custom:container-muxer-webm: aa71ff27fc2769a1b78a27578f13a17b -> 
  custom:container-demuxer-webm: 4f35f7cbe854078d1ac9338744f61a02 -> 
  custom:container-demuxer-ogg: 62fdf1f143b41e24485cea50d1cbac27 -> 
  custom:video-encoder-webm-vp8: eb34c28f22e8b96e1ab97ce403110664 -> 
  custom:framework-osx-AVFoundation: e770b220cccbd017edd2c1fefb359320 -> 
  custom:video-decoder-webm-vp8: 9c59270c3fd7afecdb556c50c9e8de78 -> 
  custom:audio-decoder-ogg-vorbis: bf7c407c2cedff20999df2af8eb42d56 -> 
  custom:audio-encoder-webm-vorbis: bf7c407c2cedff20999df2af8eb42d56 -> 
========================================================================
Received Import Request.
  path: Assets
  artifactKey: Guid(00000000000000001000000000000000) Importer(815301076,1909f56bfc062723c751e8b465ee728b)
Start importing Assets using Guid(00000000000000001000000000000000) Importer(815301076,1909f56bfc062723c751e8b465ee728b)  -> (artifact id: '42d402b061de3733987d63b9cc3b64de') in 0.004492 seconds 
  Import took 0.007254 seconds .

========================================================================
Received Import Request.
  Time since last request: 12.973035 seconds.
  path: Assets/Anchal Malhotra
  artifactKey: Guid(821cd93de3e4347ec86c7344c3a72329) Importer(815301076,1909f56bfc062723c751e8b465ee728b)
Start importing Assets/Anchal Malhotra using Guid(821cd93de3e4347ec86c7344c3a72329) Importer(815301076,1909f56bfc062723c751e8b465ee728b)  -> (artifact id: 'c17fdd05a3fde4acf700b6d5b7309af3') in 0.001277 seconds 
  Import took 0.003897 seconds .

========================================================================
Received Import Request.
  Time since last request: 29.699283 seconds.
  path: Assets/Sravan Kairamkonda
  artifactKey: Guid(822388393f26e498fa9715d1a8a66d28) Importer(815301076,1909f56bfc062723c751e8b465ee728b)
Start importing Assets/Sravan Kairamkonda using Guid(822388393f26e498fa9715d1a8a66d28) Importer(815301076,1909f56bfc062723c751e8b465ee728b)  -> (artifact id: '35517328d71a09165cbe44100eee54e2') in 0.001201 seconds 
  Import took 0.004006 seconds .

========================================================================
Received Import Request.
  Time since last request: 3.586207 seconds.
  path: Assets/Sravan Kairamkonda/Scenes/Game.unity
  artifactKey: Guid(9fc0d4010bbf28b4594072e72b8655ab) Importer(815301076,1909f56bfc062723c751e8b465ee728b)
Start importing Assets/Sravan Kairamkonda/Scenes/Game.unity using Guid(9fc0d4010bbf28b4594072e72b8655ab) Importer(815301076,1909f56bfc062723c751e8b465ee728b)  -> (artifact id: 'a9f914ed843987ee4fea86fba5fccc55') in 0.009822 seconds 
  Import took 0.012900 seconds .

========================================================================
Received Import Request.
  Time since last request: 7.533383 seconds.
  path: Assets/Sravan Kairamkonda/Scenes/inventoryGame.unity
  artifactKey: Guid(9fc0d4010bbf28b4594072e72b8655ab) Importer(815301076,1909f56bfc062723c751e8b465ee728b)
Start importing Assets/Sravan Kairamkonda/Scenes/inventoryGame.unity using Guid(9fc0d4010bbf28b4594072e72b8655ab) Importer(815301076,1909f56bfc062723c751e8b465ee728b)  -> (artifact id: '0c829e497a769433b5ebe784c0402c23') in 0.001132 seconds 
  Import took 0.004227 seconds .

========================================================================
Received Import Request.
  Time since last request: 5.994368 seconds.
  path: Assets/Sravan Kairamkonda/Scenes/InventoryGame.unity
  artifactKey: Guid(9fc0d4010bbf28b4594072e72b8655ab) Importer(815301076,1909f56bfc062723c751e8b465ee728b)
Start importing Assets/Sravan Kairamkonda/Scenes/InventoryGame.unity using Guid(9fc0d4010bbf28b4594072e72b8655ab) Importer(815301076,1909f56bfc062723c751e8b465ee728b)  -> (artifact id: '58b40927f884f5f3e1eb1e9fc5a75882') in 0.001352 seconds 
  Import took 0.004218 seconds .

========================================================================
Received Import Request.
  Time since last request: 5.723350 seconds.
  path: Assets/Sravan Kairamkonda/Scenes/Inventory.unity
  artifactKey: Guid(9fc0d4010bbf28b4594072e72b8655ab) Importer(815301076,1909f56bfc062723c751e8b465ee728b)
Start importing Assets/Sravan Kairamkonda/Scenes/Inventory.unity using Guid(9fc0d4010bbf28b4594072e72b8655ab) Importer(815301076,1909f56bfc062723c751e8b465ee728b)  -> (artifact id: '925fefc2e22653c396a0f18f8e54e634') in 0.001241 seconds 
  Import took 0.003990 seconds .

========================================================================
Received Import Request.
  Time since last request: 1.500727 seconds.
  path: Assets/Sravan Kairamkonda/Scenes
  artifactKey: Guid(6c362859b51224c04825914ca6eefed7) Importer(815301076,1909f56bfc062723c751e8b465ee728b)
Start importing Assets/Sravan Kairamkonda/Scenes using Guid(6c362859b51224c04825914ca6eefed7) Importer(815301076,1909f56bfc062723c751e8b465ee728b)  -> (artifact id: '02aafdeda8fc8b0b182d0ed095a4b355') in 0.000815 seconds 
  Import took 0.003655 seconds .

========================================================================
Received Import Request.
  Time since last request: 7.502880 seconds.
  path: Assets/Sravan Kairamkonda/Scenes/Game
  artifactKey: Guid(a4536372c191b484b9e6e723bcdd2b2c) Importer(815301076,1909f56bfc062723c751e8b465ee728b)
Start importing Assets/Sravan Kairamkonda/Scenes/Game using Guid(a4536372c191b484b9e6e723bcdd2b2c) Importer(815301076,1909f56bfc062723c751e8b465ee728b)  -> (artifact id: '29772fb759569d862c4081e052051f1c') in 0.001508 seconds 
  Import took 0.004462 seconds .

========================================================================
Received Import Request.
  Time since last request: 3.358443 seconds.
  path: Assets/Sravan Kairamkonda/Scenes/Main Menu.unity
  artifactKey: Guid(25b1e482e209f41d8810d2a8093f73ef) Importer(815301076,1909f56bfc062723c751e8b465ee728b)
Start importing Assets/Sravan Kairamkonda/Scenes/Main Menu.unity using Guid(25b1e482e209f41d8810d2a8093f73ef) Importer(815301076,1909f56bfc062723c751e8b465ee728b)  -> (artifact id: '1eb461605a1f13eabb50db5d5ee43fb5') in 0.001327 seconds 
  Import took 0.004358 seconds .

========================================================================
Received Prepare
Registering precompiled user dll's ...
Registered in 0.001620 seconds.
Begin MonoManager ReloadAssembly
Native extension for WindowsStandalone target not found
Native extension for OSXStandalone target not found
Native extension for WebGL target not found
Refreshing native plugins compatible for Editor in 0.39 ms, found 2 plugins.
Preloading 0 native plugins for Editor in 0.00 ms.
2022-01-18 21:22:35.198 Unity[9062:159355] NSEventModifierFlagFunction specified to -setKeyEquivalentModifierMask: for item <NSMenuItem: 0x60000176f410 Font Asset, ke='Command-F12'>, but is only supported for system-provided menu items; will not be used
Mono: successfully reloaded assembly
- Completed reload, in  1.142 seconds
Domain Reload Profiling:
	ReloadAssembly (1143ms)
		BeginReloadAssembly (102ms)
			ExecutionOrderSort (0ms)
			DisableScriptedObjects (5ms)
			BackupInstance (0ms)
			ReleaseScriptingObjects (0ms)
			CreateAndSetChildDomain (42ms)
		EndReloadAssembly (979ms)
			LoadAssemblies (72ms)
			RebuildTransferFunctionScriptingTraits (0ms)
			SetupTypeCache (323ms)
			ReleaseScriptCaches (1ms)
			RebuildScriptCaches (60ms)
			SetupLoadedEditorAssemblies (391ms)
				LogAssemblyErrors (0ms)
				InitializePlatformSupportModulesInManaged (6ms)
				SetLoadedEditorAssemblies (0ms)
				RefreshPlugins (0ms)
				BeforeProcessingInitializeOnLoad (113ms)
				ProcessInitializeOnLoadAttributes (260ms)
				ProcessInitializeOnLoadMethodAttributes (10ms)
				AfterProcessingInitializeOnLoad (1ms)
				EditorAssembliesLoaded (0ms)
			ExecutionOrderSort2 (0ms)
			AwakeInstancesAfterBackupRestoration (7ms)
Platform modules already initialized, skipping
Refreshing native plugins compatible for Editor in 0.39 ms, found 2 plugins.
Preloading 0 native plugins for Editor in 0.00 ms.
Unloading 1944 Unused Serialized files (Serialized files now loaded: 0)
System memory in use before: 187.8 MB.
System memory in use after: 188.0 MB.

Unloading 15 unused Assets to reduce memory usage. Loaded Objects now: 2438.
Total: 2.678849 ms (FindLiveObjects: 0.154582 ms CreateObjectMapping: 0.052580 ms MarkObjects: 2.457889 ms  DeleteObjects: 0.013123 ms)

AssetImportParameters requested are different than current active one (requested -> active):
  custom:video-decoder-ogg-theora: a1e56fd34408186e4bbccfd4996cb3dc -> 
  custom:container-muxer-webm: aa71ff27fc2769a1b78a27578f13a17b -> 
  custom:container-demuxer-webm: 4f35f7cbe854078d1ac9338744f61a02 -> 
  custom:container-demuxer-ogg: 62fdf1f143b41e24485cea50d1cbac27 -> 
  custom:video-encoder-webm-vp8: eb34c28f22e8b96e1ab97ce403110664 -> 
  custom:framework-osx-AVFoundation: e770b220cccbd017edd2c1fefb359320 -> 
  custom:video-decoder-webm-vp8: 9c59270c3fd7afecdb556c50c9e8de78 -> 
  custom:audio-decoder-ogg-vorbis: bf7c407c2cedff20999df2af8eb42d56 -> 
  custom:audio-encoder-webm-vorbis: bf7c407c2cedff20999df2af8eb42d56 -> 
========================================================================
Received Import Request.
  Time since last request: 19.023407 seconds.
  path: Assets/Sravan Kairamkonda/Art/Tiny Fantasy Icons
  artifactKey: Guid(a9b310180fc174dc786f60f23819f36c) Importer(815301076,1909f56bfc062723c751e8b465ee728b)
Start importing Assets/Sravan Kairamkonda/Art/Tiny Fantasy Icons using Guid(a9b310180fc174dc786f60f23819f36c) Importer(815301076,1909f56bfc062723c751e8b465ee728b)  -> (artifact id: '55691cea8fa0e3985804500449fca953') in 0.004341 seconds 
  Import took 0.007263 seconds .

========================================================================
Received Import Request.
  Time since last request: 9.260705 seconds.
  path: Assets/Sravan Kairamkonda/Prefabs
  artifactKey: Guid(89e9ba0ecf343418bbbbcc56455aa971) Importer(815301076,1909f56bfc062723c751e8b465ee728b)
Start importing Assets/Sravan Kairamkonda/Prefabs using Guid(89e9ba0ecf343418bbbbcc56455aa971) Importer(815301076,1909f56bfc062723c751e8b465ee728b)  -> (artifact id: '203ceb9333a749b99a546f6b729ab35e') in 0.001174 seconds 
  Import took 0.004581 seconds .

========================================================================
Received Import Request.
  Time since last request: 1.471650 seconds.
  path: Assets/Sravan Kairamkonda/Art
  artifactKey: Guid(fec67997cce4a4994ab88c3585db8d1c) Importer(815301076,1909f56bfc062723c751e8b465ee728b)
Start importing Assets/Sravan Kairamkonda/Art using Guid(fec67997cce4a4994ab88c3585db8d1c) Importer(815301076,1909f56bfc062723c751e8b465ee728b)  -> (artifact id: '40488bd2701bd354f327f6c1282e8998') in 0.001145 seconds 
  Import took 0.004102 seconds .

========================================================================
Received Import Request.
  Time since last request: 9.045864 seconds.
  path: Assets/Sravan Kairamkonda/Animations/User Interface
  artifactKey: Guid(854575c3692a74e068e91e7e92ecc9e9) Importer(815301076,1909f56bfc062723c751e8b465ee728b)
Start importing Assets/Sravan Kairamkonda/Animations/User Interface using Guid(854575c3692a74e068e91e7e92ecc9e9) Importer(815301076,1909f56bfc062723c751e8b465ee728b)  -> (artifact id: '4802378fc8dee72428a543cbc368d621') in 0.001042 seconds 
  Import took 0.004146 seconds .

========================================================================
Received Import Request.
  Time since last request: 5.510141 seconds.
  path: Assets/Sravan Kairamkonda/Animations
  artifactKey: Guid(4618a3d82fc7a476190fe55ca7e07b02) Importer(815301076,1909f56bfc062723c751e8b465ee728b)
Start importing Assets/Sravan Kairamkonda/Animations using Guid(4618a3d82fc7a476190fe55ca7e07b02) Importer(815301076,1909f56bfc062723c751e8b465ee728b)  -> (artifact id: 'f3d24f2837a926230f85ca22d04301ac') in 0.001188 seconds 
  Import took 0.004139 seconds .

========================================================================
Received Import Request.
  Time since last request: 22.718231 seconds.
  path: Assets/Sravan Kairamkonda/Scenes/Game.unity
  artifactKey: Guid(64013deca06614ab3ada6b20f4746f7b) Importer(815301076,1909f56bfc062723c751e8b465ee728b)
Start importing Assets/Sravan Kairamkonda/Scenes/Game.unity using Guid(64013deca06614ab3ada6b20f4746f7b) Importer(815301076,1909f56bfc062723c751e8b465ee728b)  -> (artifact id: '13e8d9adab3271444ffdc6a559f344f0') in 0.011918 seconds 
  Import took 0.014735 seconds .

========================================================================
Received Prepare
Registering precompiled user dll's ...
Registered in 0.004598 seconds.
Begin MonoManager ReloadAssembly
Native extension for WindowsStandalone target not found
Native extension for OSXStandalone target not found
Native extension for WebGL target not found
Refreshing native plugins compatible for Editor in 0.41 ms, found 2 plugins.
Preloading 0 native plugins for Editor in 0.00 ms.
2022-01-18 21:24:43.887 Unity[9062:159355] NSEventModifierFlagFunction specified to -setKeyEquivalentModifierMask: for item <NSMenuItem: 0x6000017ced80 Font Asset, ke='Command-F12'>, but is only supported for system-provided menu items; will not be used
Mono: successfully reloaded assembly
- Completed reload, in  1.231 seconds
Domain Reload Profiling:
	ReloadAssembly (1231ms)
		BeginReloadAssembly (105ms)
			ExecutionOrderSort (0ms)
			DisableScriptedObjects (5ms)
			BackupInstance (0ms)
			ReleaseScriptingObjects (0ms)
			CreateAndSetChildDomain (41ms)
		EndReloadAssembly (1065ms)
			LoadAssemblies (71ms)
			RebuildTransferFunctionScriptingTraits (0ms)
			SetupTypeCache (342ms)
			ReleaseScriptCaches (1ms)
			RebuildScriptCaches (59ms)
			SetupLoadedEditorAssemblies (454ms)
				LogAssemblyErrors (0ms)
				InitializePlatformSupportModulesInManaged (6ms)
				SetLoadedEditorAssemblies (0ms)
				RefreshPlugins (0ms)
				BeforeProcessingInitializeOnLoad (120ms)
				ProcessInitializeOnLoadAttributes (315ms)
				ProcessInitializeOnLoadMethodAttributes (11ms)
				AfterProcessingInitializeOnLoad (2ms)
				EditorAssembliesLoaded (0ms)
			ExecutionOrderSort2 (0ms)
			AwakeInstancesAfterBackupRestoration (7ms)
Platform modules already initialized, skipping
Refreshing native plugins compatible for Editor in 0.48 ms, found 2 plugins.
Preloading 0 native plugins for Editor in 0.00 ms.
Unloading 1958 Unused Serialized files (Serialized files now loaded: 0)
System memory in use before: 188.6 MB.
System memory in use after: 188.7 MB.

Unloading 15 unused Assets to reduce memory usage. Loaded Objects now: 2449.
Total: 3.111861 ms (FindLiveObjects: 0.159983 ms CreateObjectMapping: 0.054935 ms MarkObjects: 2.876495 ms  DeleteObjects: 0.019524 ms)

AssetImportParameters requested are different than current active one (requested -> active):
  custom:video-decoder-ogg-theora: a1e56fd34408186e4bbccfd4996cb3dc -> 
  custom:container-muxer-webm: aa71ff27fc2769a1b78a27578f13a17b -> 
  custom:container-demuxer-webm: 4f35f7cbe854078d1ac9338744f61a02 -> 
  custom:container-demuxer-ogg: 62fdf1f143b41e24485cea50d1cbac27 -> 
  custom:video-encoder-webm-vp8: eb34c28f22e8b96e1ab97ce403110664 -> 
  custom:framework-osx-AVFoundation: e770b220cccbd017edd2c1fefb359320 -> 
  custom:video-decoder-webm-vp8: 9c59270c3fd7afecdb556c50c9e8de78 -> 
  custom:audio-decoder-ogg-vorbis: bf7c407c2cedff20999df2af8eb42d56 -> 
  custom:audio-encoder-webm-vorbis: bf7c407c2cedff20999df2af8eb42d56 -> 
AssetImportWorkerClient::OnTransportError - code=2 error=End of file
